[GIN-debug] [WARNING] Creating an Engine instance with the Logger and Recovery middleware already attached.

[GIN-debug] [WARNING] Running in "debug" mode. Switch to "release" mode in production.
 - using env:	export GIN_MODE=release
 - using code:	gin.SetMode(gin.ReleaseMode)

[GIN-debug] GET    /ping                     --> todoList/pkg/controllers.PingPong (3 handlers)
[GIN-debug] GET    /users/                   --> todoList/pkg/controllers.GetAllUsers (3 handlers)
[GIN-debug] GET    /users/:id                --> todoList/pkg/controllers.GetUserByID (3 handlers)
[GIN-debug] POST   /users/                   --> todoList/pkg/controllers.CreateUser (3 handlers)
[GIN-debug] PUT    /users/:id                --> todoList/pkg/controllers.UpdateUser (3 handlers)
[GIN-debug] DELETE /users/:id                --> todoList/pkg/controllers.DeleteUser (3 handlers)
[GIN-debug] GET    /tasks/                   --> todoList/pkg/controllers.GetAllTasks (3 handlers)
[GIN-debug] GET    /tasks/:id                --> todoList/pkg/controllers.GetTaskByID (3 handlers)
[GIN-debug] POST   /tasks/                   --> todoList/pkg/controllers.CreateTask (3 handlers)
[GIN-debug] PUT    /tasks/:id                --> todoList/pkg/controllers.UpdateTask (3 handlers)
[GIN-debug] PATCH  /tasks/:id/status         --> todoList/pkg/controllers.ToggleTaskStatus (3 handlers)
[GIN-debug] DELETE /tasks/:id                --> todoList/pkg/controllers.DeleteTask (3 handlers)
[GIN-debug] POST   /tasks/insert             --> todoList/pkg/controllers.InsertExistingTasks (3 handlers)
[GIN-debug] PUT    /tasks/:id/priority       --> todoList/pkg/controllers.SetTaskPriority (3 handlers)
[GIN-debug] GET    /tasks/status/:status     --> todoList/pkg/controllers.GetTasksByStatus (3 handlers)
[GIN-debug] GET    /tasks/sort/date          --> todoList/pkg/controllers.SortTasksByDate (3 handlers)
[GIN-debug] GET    /tasks/sort/status        --> todoList/pkg/controllers.SortTasksByStatus (3 handlers)
[GIN-debug] GET    /tasks/sort/priority      --> todoList/pkg/controllers.SortTasksByPriority (3 handlers)
[GIN-debug] [WARNING] You trusted all proxies, this is NOT safe. We recommend you to set a value.
Please check https://pkg.go.dev/github.com/gin-gonic/gin#readme-don-t-trust-all-proxies for details.
[GIN-debug] Listening and serving HTTP on :8181
[GIN] 2024/08/18 - 14:41:51 | 400 |            0s |             ::1 | GET      "/users/1 "
[GIN] 2024/08/18 - 14:46:43 | 200 |     34.1568ms |             ::1 | GET      "/users/"
[GIN-debug] redirecting request 301: /users/ --> /users/
[GIN] 2024/08/18 - 14:48:01 | 200 |       677.7µs |             ::1 | GET      "/users/"
[GIN] 2024/08/18 - 14:48:38 | 201 |     40.1381ms |             ::1 | POST     "/users/"
[GIN] 2024/08/18 - 14:48:43 | 500 |     19.4395ms |             ::1 | POST     "/users/"
[GIN-debug] [WARNING] Creating an Engine instance with the Logger and Recovery middleware already attached.

[GIN-debug] [WARNING] Running in "debug" mode. Switch to "release" mode in production.
 - using env:	export GIN_MODE=release
 - using code:	gin.SetMode(gin.ReleaseMode)

[GIN-debug] GET    /ping                     --> todoList/pkg/controllers.PingPong (3 handlers)
[GIN-debug] GET    /users/                   --> todoList/pkg/controllers.GetAllUsers (3 handlers)
[GIN-debug] GET    /users/:id                --> todoList/pkg/controllers.GetUserByID (3 handlers)
[GIN-debug] POST   /users/                   --> todoList/pkg/controllers.CreateUser (3 handlers)
[GIN-debug] PUT    /users/:id                --> todoList/pkg/controllers.UpdateUser (3 handlers)
[GIN-debug] DELETE /users/:id                --> todoList/pkg/controllers.DeleteUser (3 handlers)
[GIN-debug] GET    /tasks/                   --> todoList/pkg/controllers.GetAllTasks (3 handlers)
[GIN-debug] GET    /tasks/:id                --> todoList/pkg/controllers.GetTaskByID (3 handlers)
[GIN-debug] POST   /tasks/                   --> todoList/pkg/controllers.CreateTask (3 handlers)
[GIN-debug] PUT    /tasks/:id                --> todoList/pkg/controllers.UpdateTask (3 handlers)
[GIN-debug] PATCH  /tasks/:id/status         --> todoList/pkg/controllers.ToggleTaskStatus (3 handlers)
[GIN-debug] DELETE /tasks/:id                --> todoList/pkg/controllers.DeleteTask (3 handlers)
[GIN-debug] POST   /tasks/insert             --> todoList/pkg/controllers.InsertExistingTasks (3 handlers)
[GIN-debug] PUT    /tasks/:id/priority       --> todoList/pkg/controllers.SetTaskPriority (3 handlers)
[GIN-debug] GET    /tasks/status/:status     --> todoList/pkg/controllers.GetTasksByStatus (3 handlers)
[GIN-debug] GET    /tasks/sort/date          --> todoList/pkg/controllers.SortTasksByDate (3 handlers)
[GIN-debug] GET    /tasks/sort/status        --> todoList/pkg/controllers.SortTasksByStatus (3 handlers)
[GIN-debug] GET    /tasks/sort/priority      --> todoList/pkg/controllers.SortTasksByPriority (3 handlers)
[GIN-debug] [WARNING] You trusted all proxies, this is NOT safe. We recommend you to set a value.
Please check https://pkg.go.dev/github.com/gin-gonic/gin#readme-don-t-trust-all-proxies for details.
[GIN-debug] Listening and serving HTTP on :8181
